#
# A fatal error has been detected by the Java Runtime Environment:
#
#  EXCEPTION_STACK_OVERFLOW (0xc00000fd) at pc=0x00007ffc5078dd33, pid=16860, tid=14980
#
# JRE version: OpenJDK Runtime Environment (11.0.2+9) (build 11.0.2+9)
# Java VM: OpenJDK 64-Bit Server VM (11.0.2+9, mixed mode, tiered, compressed oops, g1 gc, windows-amd64)
# Problematic frame:
# V  [jvm.dll+0x38dd33]
#
# No core dump will be written. Minidumps are not enabled by default on client versions of Windows
#
# If you would like to submit a bug report, please visit:
#   http://bugreport.java.com/bugreport/crash.jsp
#

---------------  S U M M A R Y ------------

Command Line: -Dcom.sun.management.jmxremote -Dcom.sun.management.jmxremote.port=58916 -Dcom.sun.management.jmxremote.authenticate=false -Dcom.sun.management.jmxremote.ssl=false -Djava.rmi.server.hostname=localhost -Dspring.jmx.enabled=true -Dspring.application.admin.enabled=true -Xverify:none -XX:TieredStopAtLevel=1 -Dspring.boot.project.name=netflix-zuul-api-gateway-server -Dfile.encoding=UTF-8 fr.u.picardie.m2.d605.NetflixZuulApiGatewayServerApplication --spring.output.ansi.enabled=always

Host: Intel(R) Core(TM) i5-5300U CPU @ 2.30GHz, 4 cores, 7G,  Windows 10 , 64 bit Build 17763 (10.0.17763.475)
Time: Thu Mar 26 01:45:38 2020 Paris, Madrid elapsed time: 21 seconds (0d 0h 0m 21s)

---------------  T H R E A D  ---------------

Current thread (0x000001ea6e680000):  JavaThread "AsyncReporter{org.springframework.cloud.sleuth.zipkin2.sender.RestTemplateSender@a99a34f}" daemon [_thread_in_vm, id=14980, stack(0x0000009ffbb00000,0x0000009ffbc00000)]

Stack: [0x0000009ffbb00000,0x0000009ffbc00000],  sp=0x0000009ffbbff5a0,  free space=1021k
Native frames: (J=compiled Java code, j=interpreted, Vv=VM code, C=native code)
V  [jvm.dll+0x38dd33]
V  [jvm.dll+0x6347c2]
V  [jvm.dll+0x38e81a]
V  [jvm.dll+0x38eaa7]
V  [jvm.dll+0x40e081]
V  [jvm.dll+0x73774d]
